# JRE version: Java(TM) SE Runtime Environment (11.0.1+13) (build 11.0.1+13-LTS)
# Java VM: Java HotSpot(TM) 64-Bit Server VM (11.0.1+13-LTS, mixed mode, tiered, compressed oops, g1 gc, windows-amd64)
Heap:
 garbage-first heap   total 260096K, used 186462K [0x0000000702800000, 0x0000000800000000)
  region size 1024K, 150 young (153600K), 2 survivors (2048K)
 Metaspace       used 57014K, capacity 58966K, committed 59088K, reserved 1099776K
  class space    used 7138K, capacity 7919K, committed 8012K, reserved 1048576K
GC Heap History (10 events):
Event: 18324.473 GC heap after
{Heap after GC invocations=22 (full 0):
 garbage-first heap   total 260096K, used 34621K [0x0000000702800000, 0x0000000800000000)
  region size 1024K, 8 young (8192K), 8 survivors (8192K)
 Metaspace       used 56999K, capacity 58945K, committed 59088K, reserved 1099776K
  class space    used 7136K, capacity 7915K, committed 8012K, reserved 1048576K
}
Event: 19856.551 GC heap before
{Heap before GC invocations=22 (full 0):
 garbage-first heap   total 260096K, used 182077K [0x0000000702800000, 0x0000000800000000)
  region size 1024K, 152 young (155648K), 8 survivors (8192K)
 Metaspace       used 57014K, capacity 58966K, committed 59088K, reserved 1099776K
  class space    used 7138K, capacity 7919K, committed 8012K, reserved 1048576K
}
Event: 19856.557 GC heap after
{Heap after GC invocations=23 (full 0):
 garbage-first heap   total 260096K, used 34621K [0x0000000702800000, 0x0000000800000000)
  region size 1024K, 8 young (8192K), 8 survivors (8192K)
 Metaspace       used 57014K, capacity 58966K, committed 59088K, reserved 1099776K
  class space    used 7138K, capacity 7919K, committed 8012K, reserved 1048576K
}
Event: 21466.270 GC heap before
{Heap before GC invocations=23 (full 0):
 garbage-first heap   total 260096K, used 182077K [0x0000000702800000, 0x0000000800000000)
  region size 1024K, 152 young (155648K), 8 survivors (8192K)
 Metaspace       used 57014K, capacity 58966K, committed 59088K, reserved 1099776K
  class space    used 7138K, capacity 7919K, committed 8012K, reserved 1048576K
}
Event: 21466.276 GC heap after
{Heap after GC invocations=24 (full 0):
 garbage-first heap   total 260096K, used 34994K [0x0000000702800000, 0x0000000800000000)
  region size 1024K, 9 young (9216K), 9 survivors (9216K)
 Metaspace       used 57014K, capacity 58966K, committed 59088K, reserved 1099776K
  class space    used 7138K, capacity 7919K, committed 8012K, reserved 1048576K
}
Event: 23105.190 GC heap before
{Heap before GC invocations=24 (full 0):
 garbage-first heap   total 260096K, used 181426K [0x0000000702800000, 0x0000000800000000)
  region size 1024K, 152 young (155648K), 9 survivors (9216K)
 Metaspace       used 57014K, capacity 58966K, committed 59088K, reserved 1099776K
  class space    used 7138K, capacity 7919K, committed 8012K, reserved 1048576K
}
Event: 23105.198 GC heap after
{Heap after GC invocations=25 (full 0):
 garbage-first heap   total 260096K, used 34621K [0x0000000702800000, 0x0000000800000000)
  region size 1024K, 8 young (8192K), 8 survivors (8192K)
 Metaspace       used 57014K, capacity 58966K, committed 59088K, reserved 1099776K
  class space    used 7138K, capacity 7919K, committed 8012K, reserved 1048576K
}
Event: 24746.956 GC heap before
{Heap before GC invocations=25 (full 0):
 garbage-first heap   total 260096K, used 182077K [0x0000000702800000, 0x0000000800000000)
  region size 1024K, 152 young (155648K), 8 survivors (8192K)
 Metaspace       used 57014K, capacity 58966K, committed 59088K, reserved 1099776K
  class space    used 7138K, capacity 7919K, committed 8012K, reserved 1048576K
}
Event: 24746.963 GC heap after
{Heap after GC invocations=26 (full 0):
 garbage-first heap   total 260096K, used 34910K [0x0000000702800000, 0x0000000800000000)
  region size 1024K, 4 young (4096K), 4 survivors (4096K)
 Metaspace       used 57014K, capacity 58966K, committed 59088K, reserved 1099776K
  class space    used 7138K, capacity 7919K, committed 8012K, reserved 1048576K
}
Event: 26419.796 GC heap before
{Heap before GC invocations=26 (full 0):
 garbage-first heap   total 260096K, used 186462K [0x0000000702800000, 0x0000000800000000)
  region size 1024K, 152 young (155648K), 4 survivors (4096K)
 Metaspace       used 57014K, capacity 58966K, committed 59088K, reserved 1099776K
  class space    used 7138K, capacity 7919K, committed 8012K, reserved 1048576K
}

